<?xml version="1.0" encoding="UTF-8"?>
<robot generator="Robot 6.1.1 (Python 3.12.0 on win32)" generated="20240102 21:13:39.478" rpa="false" schemaversion="4">
<suite id="s1" name="Walkdog-Robot" source="E:\QAx\projects\walkdog-robot">
<suite id="s1-s1" name="Tests" source="E:\QAx\projects\walkdog-robot\tests">
<suite id="s1-s1-s1" name="Signup" source="E:\QAx\projects\walkdog-robot\tests\signup.robot">
<test id="s1-s1-s1-t1" name="Deve poder cadastrar um novo dog walker" line="8">
<kw name="Create Dictionary" library="BuiltIn">
<var>${dog_walker}</var>
<arg>name=Gusthavo</arg>
<arg>email=teste@teste.com</arg>
<arg>CPF=10020030045</arg>
<arg>cep=32604492</arg>
<arg>street=Rua Antônio da Silva</arg>
<arg>district=Ingá</arg>
<arg>city_uf=Betim/MG</arg>
<arg>number=1000</arg>
<arg>details=apto 100</arg>
<arg>cnh=toretto.jpg</arg>
<doc>Creates and returns a dictionary based on the given ``items``.</doc>
<msg timestamp="20240102 21:13:45.368" level="INFO">${dog_walker} = {'name': 'Gusthavo', 'email': 'teste@teste.com', 'CPF': '10020030045', 'cep': '32604492', 'street': 'Rua Antônio da Silva', 'district': 'Ingá', 'city_uf': 'Betim/MG', 'number': '1000', 'details': 'apt...</msg>
<status status="PASS" starttime="20240102 21:13:45.366" endtime="20240102 21:13:45.369"/>
</kw>
<kw name="Start session" library="base">
<kw name="New Browser" library="Browser">
<arg>browser=chromium</arg>
<arg>headless=false</arg>
<tag>BrowserControl</tag>
<tag>Setter</tag>
<doc>Create a new playwright Browser with specified options.</doc>
<msg timestamp="20240102 21:13:45.372" level="INFO">{"browser": "chromium", "headless": false, "chromiumSandbox": false, "devtools": false, "handleSIGHUP": true, "handleSIGINT": true, "handleSIGTERM": true, "slowMo": 0.0, "timeout": 30000.0, "tracesDir": "E:\\QAx\\projects\\walkdog-robot\\results\\browser\\traces\\55142a66-41ff-45f1-8879-a8dad9030d76"}</msg>
<msg timestamp="20240102 21:13:52.288" level="INFO">Successfully created browser with options: {"browser":"chromium","headless":false,"chromiumSandbox":false,"devtools":false,"handleSIGHUP":true,"handleSIGINT":true,"handleSIGTERM":true,"slowMo":0,"timeout":30000,"tracesDir":"E:\\QAx\\projects\\walkdog-robot\\results\\browser\\traces\\55142a66-41ff-45f1-8879-a8dad9030d76"}</msg>
<status status="PASS" starttime="20240102 21:13:45.371" endtime="20240102 21:13:52.289"/>
</kw>
<kw name="New Page" library="Browser">
<arg>https://walkdog.vercel.app</arg>
<tag>BrowserControl</tag>
<tag>Setter</tag>
<doc>Open a new Page.</doc>
<msg timestamp="20240102 21:13:54.719" level="INFO">Successfully initialized new page object and opened url: https://walkdog.vercel.app</msg>
<msg timestamp="20240102 21:13:54.719" level="INFO">No context was open. New context was automatically opened when this page is created.</msg>
<status status="PASS" starttime="20240102 21:13:52.290" endtime="20240102 21:13:54.720"/>
</kw>
<kw name="Wait For Elements State" library="Browser">
<arg>css=h1 &gt;&gt; text=Cuidado e diversão em cada passo</arg>
<arg>visible</arg>
<arg>5</arg>
<tag>PageContent</tag>
<tag>Wait</tag>
<doc>Waits for the element found by ``selector`` to satisfy state option.</doc>
<msg timestamp="20240102 21:13:54.779" level="INFO">Waited for Element with selector css=h1 &gt;&gt; text=Cuidado e diversão em cada passo at state visible</msg>
<status status="PASS" starttime="20240102 21:13:54.721" endtime="20240102 21:13:54.779"/>
</kw>
<status status="PASS" starttime="20240102 21:13:45.370" endtime="20240102 21:13:54.779"/>
</kw>
<kw name="Go to sign up page" library="signup">
<kw name="Click" library="Browser">
<arg>css=a[href="/signup"]</arg>
<tag>PageContent</tag>
<tag>Setter</tag>
<doc>Simulates mouse click on the element found by ``selector``.</doc>
<status status="PASS" starttime="20240102 21:13:54.781" endtime="20240102 21:13:55.041"/>
</kw>
<kw name="Wait For Elements State" library="Browser">
<arg>form h1</arg>
<arg>visible</arg>
<arg>500</arg>
<tag>PageContent</tag>
<tag>Wait</tag>
<doc>Waits for the element found by ``selector`` to satisfy state option.</doc>
<msg timestamp="20240102 21:13:55.056" level="INFO">Waited for Element with selector form h1 at state visible</msg>
<status status="PASS" starttime="20240102 21:13:55.042" endtime="20240102 21:13:55.056"/>
</kw>
<kw name="Get Text" library="Browser">
<arg>form h1</arg>
<arg>equal</arg>
<arg>Faça seu cadastro</arg>
<tag>Assertion</tag>
<tag>Getter</tag>
<tag>PageContent</tag>
<doc>Returns text attribute of the element found by ``selector``.</doc>
<msg timestamp="20240102 21:13:55.104" level="INFO">Text: 'Faça seu cadastro'</msg>
<status status="PASS" starttime="20240102 21:13:55.057" endtime="20240102 21:13:55.104"/>
</kw>
<status status="PASS" starttime="20240102 21:13:54.780" endtime="20240102 21:13:55.105"/>
</kw>
<kw name="Fill signup form" library="signup">
<arg>${dog_walker}</arg>
<kw name="Fill Text" library="Browser">
<arg>css=input[placeholder^=Nome]</arg>
<arg>${dog_walker}[name]</arg>
<tag>PageContent</tag>
<tag>Setter</tag>
<doc>Clears and fills the given ``txt`` into the text field found by ``selector``.</doc>
<msg timestamp="20240102 21:13:55.107" level="INFO">Fills the text 'Gusthavo' in the given field.</msg>
<status status="PASS" starttime="20240102 21:13:55.106" endtime="20240102 21:13:55.147"/>
</kw>
<kw name="Fill Text" library="Browser">
<arg>css=input[name=email]</arg>
<arg>${dog_walker}[email]</arg>
<tag>PageContent</tag>
<tag>Setter</tag>
<doc>Clears and fills the given ``txt`` into the text field found by ``selector``.</doc>
<msg timestamp="20240102 21:13:55.149" level="INFO">Fills the text 'teste@teste.com' in the given field.</msg>
<status status="PASS" starttime="20240102 21:13:55.148" endtime="20240102 21:13:55.181"/>
</kw>
<kw name="Fill Text" library="Browser">
<arg>css=input[name=cpf]</arg>
<arg>${dog_walker}[CPF]</arg>
<tag>PageContent</tag>
<tag>Setter</tag>
<doc>Clears and fills the given ``txt`` into the text field found by ``selector``.</doc>
<msg timestamp="20240102 21:13:55.182" level="INFO">Fills the text '10020030045' in the given field.</msg>
<status status="PASS" starttime="20240102 21:13:55.181" endtime="20240102 21:13:55.209"/>
</kw>
<kw name="Fill Text" library="Browser">
<arg>css=input[name=cep]</arg>
<arg>${dog_walker}[cep]</arg>
<tag>PageContent</tag>
<tag>Setter</tag>
<doc>Clears and fills the given ``txt`` into the text field found by ``selector``.</doc>
<msg timestamp="20240102 21:13:55.210" level="INFO">Fills the text '32604492' in the given field.</msg>
<status status="PASS" starttime="20240102 21:13:55.209" endtime="20240102 21:13:55.237"/>
</kw>
<kw name="Click" library="Browser">
<arg>css=input[value="Buscar CEP"]</arg>
<tag>PageContent</tag>
<tag>Setter</tag>
<doc>Simulates mouse click on the element found by ``selector``.</doc>
<status status="PASS" starttime="20240102 21:13:55.238" endtime="20240102 21:13:55.303"/>
</kw>
<kw name="Get Property" library="Browser">
<arg>css=input[name=addressStreet]</arg>
<arg>value</arg>
<arg>equal</arg>
<arg>${dog_walker}[street]</arg>
<tag>Assertion</tag>
<tag>Getter</tag>
<tag>PageContent</tag>
<doc>Returns the ``property`` of the element found by ``selector``.</doc>
<msg timestamp="20240102 21:13:55.914" level="INFO">Property: 'Rua Antônio da Silva'</msg>
<status status="PASS" starttime="20240102 21:13:55.304" endtime="20240102 21:13:55.914"/>
</kw>
<kw name="Get Property" library="Browser">
<arg>css=input[name=addressDistrict]</arg>
<arg>value</arg>
<arg>equal</arg>
<arg>${dog_walker}[district]</arg>
<tag>Assertion</tag>
<tag>Getter</tag>
<tag>PageContent</tag>
<doc>Returns the ``property`` of the element found by ``selector``.</doc>
<msg timestamp="20240102 21:13:55.928" level="INFO">Property: 'Ingá'</msg>
<status status="PASS" starttime="20240102 21:13:55.914" endtime="20240102 21:13:55.929"/>
</kw>
<kw name="Get Property" library="Browser">
<arg>css=input[name=addressCityUf]</arg>
<arg>value</arg>
<arg>equal</arg>
<arg>${dog_walker}[city_uf]</arg>
<tag>Assertion</tag>
<tag>Getter</tag>
<tag>PageContent</tag>
<doc>Returns the ``property`` of the element found by ``selector``.</doc>
<msg timestamp="20240102 21:13:55.945" level="INFO">Property: 'Betim/MG'</msg>
<status status="PASS" starttime="20240102 21:13:55.929" endtime="20240102 21:13:55.946"/>
</kw>
<kw name="Fill Text" library="Browser">
<arg>css=input[name=addressNumber]</arg>
<arg>${dog_walker}[number]</arg>
<tag>PageContent</tag>
<tag>Setter</tag>
<doc>Clears and fills the given ``txt`` into the text field found by ``selector``.</doc>
<msg timestamp="20240102 21:13:55.947" level="INFO">Fills the text '1000' in the given field.</msg>
<status status="PASS" starttime="20240102 21:13:55.946" endtime="20240102 21:13:55.976"/>
</kw>
<kw name="Fill Text" library="Browser">
<arg>css=input[name=addressDetails]</arg>
<arg>${dog_walker}[details]</arg>
<tag>PageContent</tag>
<tag>Setter</tag>
<doc>Clears and fills the given ``txt`` into the text field found by ``selector``.</doc>
<msg timestamp="20240102 21:13:55.977" level="INFO">Fills the text 'apto 100' in the given field.</msg>
<status status="PASS" starttime="20240102 21:13:55.976" endtime="20240102 21:13:56.002"/>
</kw>
<kw name="Upload File By Selector" library="Browser">
<arg>input[type=file]</arg>
<arg>${execdir}/resources/fixtures/${dog_walker}[cnh]</arg>
<tag>PageContent</tag>
<tag>Setter</tag>
<doc>Uploads file from `path` to file input element matched by selector.</doc>
<status status="PASS" starttime="20240102 21:13:56.002" endtime="20240102 21:13:56.192"/>
</kw>
<status status="PASS" starttime="20240102 21:13:55.106" endtime="20240102 21:13:56.192"/>
</kw>
<kw name="Submit signup form" library="signup">
<kw name="Click" library="Browser">
<arg>css=.button-register</arg>
<tag>PageContent</tag>
<tag>Setter</tag>
<doc>Simulates mouse click on the element found by ``selector``.</doc>
<status status="PASS" starttime="20240102 21:13:56.194" endtime="20240102 21:13:56.256"/>
</kw>
<status status="PASS" starttime="20240102 21:13:56.193" endtime="20240102 21:13:56.256"/>
</kw>
<kw name="Popup should be" library="signup">
<arg>expected_text=Recebemos o seu cadastro e em breve retornaremos o contato.</arg>
<kw name="Wait For Elements State" library="Browser">
<arg>css=.swal2-html-container</arg>
<arg>visible</arg>
<arg>10</arg>
<tag>PageContent</tag>
<tag>Wait</tag>
<doc>Waits for the element found by ``selector`` to satisfy state option.</doc>
<msg timestamp="20240102 21:13:57.102" level="INFO">Waited for Element with selector css=.swal2-html-container at state visible</msg>
<status status="PASS" starttime="20240102 21:13:56.257" endtime="20240102 21:13:57.102"/>
</kw>
<kw name="Get Text" library="Browser">
<arg>css=.swal2-html-container</arg>
<arg>equal</arg>
<arg>${expected_text}</arg>
<tag>Assertion</tag>
<tag>Getter</tag>
<tag>PageContent</tag>
<doc>Returns text attribute of the element found by ``selector``.</doc>
<msg timestamp="20240102 21:13:57.125" level="INFO">Text: 'Recebemos o seu cadastro e em breve retornaremos o contato.'</msg>
<status status="PASS" starttime="20240102 21:13:57.103" endtime="20240102 21:13:57.126"/>
</kw>
<status status="PASS" starttime="20240102 21:13:56.257" endtime="20240102 21:13:57.126"/>
</kw>
<kw name="Finish session" library="base">
<kw name="Take Screenshot" library="Browser">
<arg>fullPage=True</arg>
<tag>PageContent</tag>
<doc>Takes a screenshot of the current window or element and saves it to disk.</doc>
<msg timestamp="20240102 21:13:57.430" level="INFO" html="true">&lt;/td&gt;&lt;/tr&gt;&lt;tr&gt;&lt;td colspan="3"&gt;&lt;a href="browser/screenshot/robotframework-browser-screenshot-1.png" target="_blank"&gt;&lt;img src="browser/screenshot/robotframework-browser-screenshot-1.png" width="800px"/&gt;&lt;/a&gt;</msg>
<status status="PASS" starttime="20240102 21:13:57.128" endtime="20240102 21:13:57.431"/>
</kw>
<status status="PASS" starttime="20240102 21:13:57.127" endtime="20240102 21:13:57.432"/>
</kw>
<status status="PASS" starttime="20240102 21:13:45.360" endtime="20240102 21:13:57.432"/>
</test>
<test id="s1-s1-s1-t2" name="Não deve cadastrar com cpf incorreto" line="29">
<kw name="Create Dictionary" library="BuiltIn">
<var>${dog_walker}</var>
<arg>name=Gusthavo</arg>
<arg>email=teste@teste.com</arg>
<arg>CPF=100200300aa</arg>
<arg>cep=32604492</arg>
<arg>street=Rua Antônio da Silva</arg>
<arg>district=Ingá</arg>
<arg>city_uf=Betim/MG</arg>
<arg>number=1000</arg>
<arg>details=apto 100</arg>
<arg>cnh=toretto.jpg</arg>
<doc>Creates and returns a dictionary based on the given ``items``.</doc>
<msg timestamp="20240102 21:13:57.581" level="INFO">${dog_walker} = {'name': 'Gusthavo', 'email': 'teste@teste.com', 'CPF': '100200300aa', 'cep': '32604492', 'street': 'Rua Antônio da Silva', 'district': 'Ingá', 'city_uf': 'Betim/MG', 'number': '1000', 'details': 'apt...</msg>
<status status="PASS" starttime="20240102 21:13:57.579" endtime="20240102 21:13:57.582"/>
</kw>
<kw name="Start session" library="base">
<kw name="New Browser" library="Browser">
<arg>browser=chromium</arg>
<arg>headless=false</arg>
<tag>BrowserControl</tag>
<tag>Setter</tag>
<doc>Create a new playwright Browser with specified options.</doc>
<msg timestamp="20240102 21:13:57.588" level="INFO">Switching browser to browser=f2a98d1f-71f3-4d18-807c-bef69c1674ed</msg>
<msg timestamp="20240102 21:13:57.593" level="INFO">Successfully changed active browser: browser=f2a98d1f-71f3-4d18-807c-bef69c1674ed</msg>
<msg timestamp="20240102 21:13:57.594" level="INFO">Reusing existing browser with id: browser=f2a98d1f-71f3-4d18-807c-bef69c1674ed</msg>
<status status="PASS" starttime="20240102 21:13:57.588" endtime="20240102 21:13:57.594"/>
</kw>
<kw name="New Page" library="Browser">
<arg>https://walkdog.vercel.app</arg>
<tag>BrowserControl</tag>
<tag>Setter</tag>
<doc>Open a new Page.</doc>
<msg timestamp="20240102 21:13:58.735" level="INFO">Successfully initialized new page object and opened url: https://walkdog.vercel.app</msg>
<msg timestamp="20240102 21:13:58.736" level="INFO">No context was open. New context was automatically opened when this page is created.</msg>
<status status="PASS" starttime="20240102 21:13:57.595" endtime="20240102 21:13:58.737"/>
</kw>
<kw name="Wait For Elements State" library="Browser">
<arg>css=h1 &gt;&gt; text=Cuidado e diversão em cada passo</arg>
<arg>visible</arg>
<arg>5</arg>
<tag>PageContent</tag>
<tag>Wait</tag>
<doc>Waits for the element found by ``selector`` to satisfy state option.</doc>
<msg timestamp="20240102 21:13:58.775" level="INFO">Waited for Element with selector css=h1 &gt;&gt; text=Cuidado e diversão em cada passo at state visible</msg>
<status status="PASS" starttime="20240102 21:13:58.737" endtime="20240102 21:13:58.776"/>
</kw>
<status status="PASS" starttime="20240102 21:13:57.586" endtime="20240102 21:13:58.776"/>
</kw>
<kw name="Go to sign up page" library="signup">
<kw name="Click" library="Browser">
<arg>css=a[href="/signup"]</arg>
<tag>PageContent</tag>
<tag>Setter</tag>
<doc>Simulates mouse click on the element found by ``selector``.</doc>
<status status="PASS" starttime="20240102 21:13:58.779" endtime="20240102 21:13:58.897"/>
</kw>
<kw name="Wait For Elements State" library="Browser">
<arg>form h1</arg>
<arg>visible</arg>
<arg>500</arg>
<tag>PageContent</tag>
<tag>Wait</tag>
<doc>Waits for the element found by ``selector`` to satisfy state option.</doc>
<msg timestamp="20240102 21:13:58.908" level="INFO">Waited for Element with selector form h1 at state visible</msg>
<status status="PASS" starttime="20240102 21:13:58.897" endtime="20240102 21:13:58.908"/>
</kw>
<kw name="Get Text" library="Browser">
<arg>form h1</arg>
<arg>equal</arg>
<arg>Faça seu cadastro</arg>
<tag>Assertion</tag>
<tag>Getter</tag>
<tag>PageContent</tag>
<doc>Returns text attribute of the element found by ``selector``.</doc>
<msg timestamp="20240102 21:13:58.948" level="INFO">Text: 'Faça seu cadastro'</msg>
<status status="PASS" starttime="20240102 21:13:58.908" endtime="20240102 21:13:58.948"/>
</kw>
<status status="PASS" starttime="20240102 21:13:58.777" endtime="20240102 21:13:58.948"/>
</kw>
<kw name="Fill signup form" library="signup">
<arg>${dog_walker}</arg>
<kw name="Fill Text" library="Browser">
<arg>css=input[placeholder^=Nome]</arg>
<arg>${dog_walker}[name]</arg>
<tag>PageContent</tag>
<tag>Setter</tag>
<doc>Clears and fills the given ``txt`` into the text field found by ``selector``.</doc>
<msg timestamp="20240102 21:13:58.951" level="INFO">Fills the text 'Gusthavo' in the given field.</msg>
<status status="PASS" starttime="20240102 21:13:58.950" endtime="20240102 21:13:58.986"/>
</kw>
<kw name="Fill Text" library="Browser">
<arg>css=input[name=email]</arg>
<arg>${dog_walker}[email]</arg>
<tag>PageContent</tag>
<tag>Setter</tag>
<doc>Clears and fills the given ``txt`` into the text field found by ``selector``.</doc>
<msg timestamp="20240102 21:13:58.988" level="INFO">Fills the text 'teste@teste.com' in the given field.</msg>
<status status="PASS" starttime="20240102 21:13:58.987" endtime="20240102 21:13:59.018"/>
</kw>
<kw name="Fill Text" library="Browser">
<arg>css=input[name=cpf]</arg>
<arg>${dog_walker}[CPF]</arg>
<tag>PageContent</tag>
<tag>Setter</tag>
<doc>Clears and fills the given ``txt`` into the text field found by ``selector``.</doc>
<msg timestamp="20240102 21:13:59.019" level="INFO">Fills the text '100200300aa' in the given field.</msg>
<status status="PASS" starttime="20240102 21:13:59.018" endtime="20240102 21:13:59.046"/>
</kw>
<kw name="Fill Text" library="Browser">
<arg>css=input[name=cep]</arg>
<arg>${dog_walker}[cep]</arg>
<tag>PageContent</tag>
<tag>Setter</tag>
<doc>Clears and fills the given ``txt`` into the text field found by ``selector``.</doc>
<msg timestamp="20240102 21:13:59.047" level="INFO">Fills the text '32604492' in the given field.</msg>
<status status="PASS" starttime="20240102 21:13:59.047" endtime="20240102 21:13:59.078"/>
</kw>
<kw name="Click" library="Browser">
<arg>css=input[value="Buscar CEP"]</arg>
<tag>PageContent</tag>
<tag>Setter</tag>
<doc>Simulates mouse click on the element found by ``selector``.</doc>
<status status="PASS" starttime="20240102 21:13:59.078" endtime="20240102 21:13:59.131"/>
</kw>
<kw name="Get Property" library="Browser">
<arg>css=input[name=addressStreet]</arg>
<arg>value</arg>
<arg>equal</arg>
<arg>${dog_walker}[street]</arg>
<tag>Assertion</tag>
<tag>Getter</tag>
<tag>PageContent</tag>
<doc>Returns the ``property`` of the element found by ``selector``.</doc>
<msg timestamp="20240102 21:13:59.764" level="INFO">Property: 'Rua Antônio da Silva'</msg>
<status status="PASS" starttime="20240102 21:13:59.132" endtime="20240102 21:13:59.765"/>
</kw>
<kw name="Get Property" library="Browser">
<arg>css=input[name=addressDistrict]</arg>
<arg>value</arg>
<arg>equal</arg>
<arg>${dog_walker}[district]</arg>
<tag>Assertion</tag>
<tag>Getter</tag>
<tag>PageContent</tag>
<doc>Returns the ``property`` of the element found by ``selector``.</doc>
<msg timestamp="20240102 21:13:59.779" level="INFO">Property: 'Ingá'</msg>
<status status="PASS" starttime="20240102 21:13:59.765" endtime="20240102 21:13:59.780"/>
</kw>
<kw name="Get Property" library="Browser">
<arg>css=input[name=addressCityUf]</arg>
<arg>value</arg>
<arg>equal</arg>
<arg>${dog_walker}[city_uf]</arg>
<tag>Assertion</tag>
<tag>Getter</tag>
<tag>PageContent</tag>
<doc>Returns the ``property`` of the element found by ``selector``.</doc>
<msg timestamp="20240102 21:13:59.794" level="INFO">Property: 'Betim/MG'</msg>
<status status="PASS" starttime="20240102 21:13:59.780" endtime="20240102 21:13:59.794"/>
</kw>
<kw name="Fill Text" library="Browser">
<arg>css=input[name=addressNumber]</arg>
<arg>${dog_walker}[number]</arg>
<tag>PageContent</tag>
<tag>Setter</tag>
<doc>Clears and fills the given ``txt`` into the text field found by ``selector``.</doc>
<msg timestamp="20240102 21:13:59.795" level="INFO">Fills the text '1000' in the given field.</msg>
<status status="PASS" starttime="20240102 21:13:59.795" endtime="20240102 21:13:59.822"/>
</kw>
<kw name="Fill Text" library="Browser">
<arg>css=input[name=addressDetails]</arg>
<arg>${dog_walker}[details]</arg>
<tag>PageContent</tag>
<tag>Setter</tag>
<doc>Clears and fills the given ``txt`` into the text field found by ``selector``.</doc>
<msg timestamp="20240102 21:13:59.823" level="INFO">Fills the text 'apto 100' in the given field.</msg>
<status status="PASS" starttime="20240102 21:13:59.822" endtime="20240102 21:13:59.845"/>
</kw>
<kw name="Upload File By Selector" library="Browser">
<arg>input[type=file]</arg>
<arg>${execdir}/resources/fixtures/${dog_walker}[cnh]</arg>
<tag>PageContent</tag>
<tag>Setter</tag>
<doc>Uploads file from `path` to file input element matched by selector.</doc>
<status status="PASS" starttime="20240102 21:13:59.845" endtime="20240102 21:13:59.994"/>
</kw>
<status status="PASS" starttime="20240102 21:13:58.949" endtime="20240102 21:13:59.994"/>
</kw>
<kw name="Submit signup form" library="signup">
<kw name="Click" library="Browser">
<arg>css=.button-register</arg>
<tag>PageContent</tag>
<tag>Setter</tag>
<doc>Simulates mouse click on the element found by ``selector``.</doc>
<status status="PASS" starttime="20240102 21:13:59.996" endtime="20240102 21:14:00.065"/>
</kw>
<status status="PASS" starttime="20240102 21:13:59.994" endtime="20240102 21:14:00.065"/>
</kw>
<kw name="Finish session" library="base">
<kw name="Take Screenshot" library="Browser">
<arg>fullPage=True</arg>
<tag>PageContent</tag>
<doc>Takes a screenshot of the current window or element and saves it to disk.</doc>
<msg timestamp="20240102 21:14:00.442" level="INFO" html="true">&lt;/td&gt;&lt;/tr&gt;&lt;tr&gt;&lt;td colspan="3"&gt;&lt;a href="browser/screenshot/robotframework-browser-screenshot-2.png" target="_blank"&gt;&lt;img src="browser/screenshot/robotframework-browser-screenshot-2.png" width="800px"/&gt;&lt;/a&gt;</msg>
<status status="PASS" starttime="20240102 21:14:00.067" endtime="20240102 21:14:00.444"/>
</kw>
<status status="PASS" starttime="20240102 21:14:00.066" endtime="20240102 21:14:00.444"/>
</kw>
<tag>cpf_inv</tag>
<status status="PASS" starttime="20240102 21:13:57.571" endtime="20240102 21:14:00.445"/>
</test>
<doc>suite de testes de cadastro</doc>
<status status="PASS" starttime="20240102 21:13:39.589" endtime="20240102 21:14:00.547"/>
</suite>
<status status="PASS" starttime="20240102 21:13:39.584" endtime="20240102 21:14:00.562"/>
</suite>
<status status="PASS" starttime="20240102 21:13:39.502" endtime="20240102 21:14:00.565"/>
</suite>
<statistics>
<total>
<stat pass="2" fail="0" skip="0">All Tests</stat>
</total>
<tag>
<stat pass="1" fail="0" skip="0">cpf_inv</stat>
</tag>
<suite>
<stat pass="2" fail="0" skip="0" id="s1" name="Walkdog-Robot">Walkdog-Robot</stat>
<stat pass="2" fail="0" skip="0" id="s1-s1" name="Tests">Walkdog-Robot.Tests</stat>
<stat pass="2" fail="0" skip="0" id="s1-s1-s1" name="Signup">Walkdog-Robot.Tests.Signup</stat>
</suite>
</statistics>
<errors>
</errors>
</robot>
