<?xml version="1.0" encoding="UTF-8"?>
<robot generator="Robot 6.1.1 (Python 3.12.0 on win32)" generated="20240103 22:41:07.748" rpa="false" schemaversion="4">
<suite id="s1" name="Signup" source="E:\QAx\projects\walkdog-robot\tests\signup.robot">
<test id="s1-t1" name="Deve poder cadastrar um novo dog walker" line="10">
<kw name="Start session" library="base" type="SETUP">
<kw name="New Browser" library="Browser">
<arg>browser=chromium</arg>
<arg>headless=false</arg>
<tag>BrowserControl</tag>
<tag>Setter</tag>
<doc>Create a new playwright Browser with specified options.</doc>
<msg timestamp="20240103 22:41:09.603" level="INFO">{"browser": "chromium", "headless": false, "chromiumSandbox": false, "devtools": false, "handleSIGHUP": true, "handleSIGINT": true, "handleSIGTERM": true, "slowMo": 0.0, "timeout": 30000.0, "tracesDir": "E:\\QAx\\projects\\walkdog-robot\\logs\\browser\\traces\\943d768b-2ca9-4567-a237-28d3756c2f91"}</msg>
<msg timestamp="20240103 22:41:10.166" level="INFO">Successfully created browser with options: {"browser":"chromium","headless":false,"chromiumSandbox":false,"devtools":false,"handleSIGHUP":true,"handleSIGINT":true,"handleSIGTERM":true,"slowMo":0,"timeout":30000,"tracesDir":"E:\\QAx\\projects\\walkdog-robot\\logs\\browser\\traces\\943d768b-2ca9-4567-a237-28d3756c2f91"}</msg>
<status status="PASS" starttime="20240103 22:41:09.602" endtime="20240103 22:41:10.166"/>
</kw>
<kw name="New Page" library="Browser">
<arg>https://walkdog.vercel.app</arg>
<tag>BrowserControl</tag>
<tag>Setter</tag>
<doc>Open a new Page.</doc>
<msg timestamp="20240103 22:41:11.336" level="INFO">Successfully initialized new page object and opened url: https://walkdog.vercel.app</msg>
<msg timestamp="20240103 22:41:11.336" level="INFO">No context was open. New context was automatically opened when this page is created.</msg>
<status status="PASS" starttime="20240103 22:41:10.167" endtime="20240103 22:41:11.336"/>
</kw>
<kw name="Wait For Elements State" library="Browser">
<arg>css=h1 &gt;&gt; text=Cuidado e diversão em cada passo</arg>
<arg>visible</arg>
<arg>5</arg>
<tag>PageContent</tag>
<tag>Wait</tag>
<doc>Waits for the element found by ``selector`` to satisfy state option.</doc>
<msg timestamp="20240103 22:41:11.390" level="INFO">Waited for Element with selector css=h1 &gt;&gt; text=Cuidado e diversão em cada passo at state visible</msg>
<status status="PASS" starttime="20240103 22:41:11.336" endtime="20240103 22:41:11.390"/>
</kw>
<status status="PASS" starttime="20240103 22:41:09.602" endtime="20240103 22:41:11.390"/>
</kw>
<kw name="Create Dictionary" library="BuiltIn">
<var>${dog_walker}</var>
<arg>name=Gusthavo</arg>
<arg>email=teste@teste.com</arg>
<arg>CPF=10020030045</arg>
<arg>cep=32604492</arg>
<arg>street=Rua Antônio da Silva</arg>
<arg>district=Ingá</arg>
<arg>city_uf=Betim/MG</arg>
<arg>number=1000</arg>
<arg>details=apto 100</arg>
<arg>cnh=toretto.jpg</arg>
<doc>Creates and returns a dictionary based on the given ``items``.</doc>
<msg timestamp="20240103 22:41:11.392" level="INFO">${dog_walker} = {'name': 'Gusthavo', 'email': 'teste@teste.com', 'CPF': '10020030045', 'cep': '32604492', 'street': 'Rua Antônio da Silva', 'district': 'Ingá', 'city_uf': 'Betim/MG', 'number': '1000', 'details': 'apt...</msg>
<status status="PASS" starttime="20240103 22:41:11.391" endtime="20240103 22:41:11.392"/>
</kw>
<kw name="Go to sign up page" library="signup">
<kw name="Click" library="Browser">
<arg>css=a[href="/signup"]</arg>
<tag>PageContent</tag>
<tag>Setter</tag>
<doc>Simulates mouse click on the element found by ``selector``.</doc>
<status status="PASS" starttime="20240103 22:41:11.392" endtime="20240103 22:41:11.671"/>
</kw>
<kw name="Wait For Elements State" library="Browser">
<arg>form h1</arg>
<arg>visible</arg>
<arg>500</arg>
<tag>PageContent</tag>
<tag>Wait</tag>
<doc>Waits for the element found by ``selector`` to satisfy state option.</doc>
<msg timestamp="20240103 22:41:11.683" level="INFO">Waited for Element with selector form h1 at state visible</msg>
<status status="PASS" starttime="20240103 22:41:11.672" endtime="20240103 22:41:11.683"/>
</kw>
<kw name="Get Text" library="Browser">
<arg>form h1</arg>
<arg>equal</arg>
<arg>Faça seu cadastro</arg>
<tag>Assertion</tag>
<tag>Getter</tag>
<tag>PageContent</tag>
<doc>Returns text attribute of the element found by ``selector``.</doc>
<msg timestamp="20240103 22:41:11.722" level="INFO">Text: 'Faça seu cadastro'</msg>
<status status="PASS" starttime="20240103 22:41:11.684" endtime="20240103 22:41:11.722"/>
</kw>
<status status="PASS" starttime="20240103 22:41:11.392" endtime="20240103 22:41:11.723"/>
</kw>
<kw name="Fill signup form" library="signup">
<arg>${dog_walker}</arg>
<kw name="Fill Text" library="Browser">
<arg>css=input[placeholder^=Nome]</arg>
<arg>${dog_walker}[name]</arg>
<tag>PageContent</tag>
<tag>Setter</tag>
<doc>Clears and fills the given ``txt`` into the text field found by ``selector``.</doc>
<msg timestamp="20240103 22:41:11.724" level="INFO">Fills the text 'Gusthavo' in the given field.</msg>
<status status="PASS" starttime="20240103 22:41:11.723" endtime="20240103 22:41:11.775"/>
</kw>
<kw name="Fill Text" library="Browser">
<arg>css=input[name=email]</arg>
<arg>${dog_walker}[email]</arg>
<tag>PageContent</tag>
<tag>Setter</tag>
<doc>Clears and fills the given ``txt`` into the text field found by ``selector``.</doc>
<msg timestamp="20240103 22:41:11.776" level="INFO">Fills the text 'teste@teste.com' in the given field.</msg>
<status status="PASS" starttime="20240103 22:41:11.775" endtime="20240103 22:41:11.810"/>
</kw>
<kw name="Fill Text" library="Browser">
<arg>css=input[name=cpf]</arg>
<arg>${dog_walker}[CPF]</arg>
<tag>PageContent</tag>
<tag>Setter</tag>
<doc>Clears and fills the given ``txt`` into the text field found by ``selector``.</doc>
<msg timestamp="20240103 22:41:11.811" level="INFO">Fills the text '10020030045' in the given field.</msg>
<status status="PASS" starttime="20240103 22:41:11.810" endtime="20240103 22:41:11.837"/>
</kw>
<kw name="Fill Text" library="Browser">
<arg>css=input[name=cep]</arg>
<arg>${dog_walker}[cep]</arg>
<tag>PageContent</tag>
<tag>Setter</tag>
<doc>Clears and fills the given ``txt`` into the text field found by ``selector``.</doc>
<msg timestamp="20240103 22:41:11.838" level="INFO">Fills the text '32604492' in the given field.</msg>
<status status="PASS" starttime="20240103 22:41:11.838" endtime="20240103 22:41:11.864"/>
</kw>
<kw name="Click" library="Browser">
<arg>css=input[value="Buscar CEP"]</arg>
<tag>PageContent</tag>
<tag>Setter</tag>
<doc>Simulates mouse click on the element found by ``selector``.</doc>
<status status="PASS" starttime="20240103 22:41:11.864" endtime="20240103 22:41:11.929"/>
</kw>
<kw name="Get Property" library="Browser">
<arg>css=input[name=addressStreet]</arg>
<arg>value</arg>
<arg>equal</arg>
<arg>${dog_walker}[street]</arg>
<tag>Assertion</tag>
<tag>Getter</tag>
<tag>PageContent</tag>
<doc>Returns the ``property`` of the element found by ``selector``.</doc>
<msg timestamp="20240103 22:41:12.675" level="INFO">Property: 'Rua Antônio da Silva'</msg>
<status status="PASS" starttime="20240103 22:41:11.929" endtime="20240103 22:41:12.675"/>
</kw>
<kw name="Get Property" library="Browser">
<arg>css=input[name=addressDistrict]</arg>
<arg>value</arg>
<arg>equal</arg>
<arg>${dog_walker}[district]</arg>
<tag>Assertion</tag>
<tag>Getter</tag>
<tag>PageContent</tag>
<doc>Returns the ``property`` of the element found by ``selector``.</doc>
<msg timestamp="20240103 22:41:12.689" level="INFO">Property: 'Ingá'</msg>
<status status="PASS" starttime="20240103 22:41:12.675" endtime="20240103 22:41:12.690"/>
</kw>
<kw name="Get Property" library="Browser">
<arg>css=input[name=addressCityUf]</arg>
<arg>value</arg>
<arg>equal</arg>
<arg>${dog_walker}[city_uf]</arg>
<tag>Assertion</tag>
<tag>Getter</tag>
<tag>PageContent</tag>
<doc>Returns the ``property`` of the element found by ``selector``.</doc>
<msg timestamp="20240103 22:41:12.705" level="INFO">Property: 'Betim/MG'</msg>
<status status="PASS" starttime="20240103 22:41:12.690" endtime="20240103 22:41:12.705"/>
</kw>
<kw name="Fill Text" library="Browser">
<arg>css=input[name=addressNumber]</arg>
<arg>${dog_walker}[number]</arg>
<tag>PageContent</tag>
<tag>Setter</tag>
<doc>Clears and fills the given ``txt`` into the text field found by ``selector``.</doc>
<msg timestamp="20240103 22:41:12.706" level="INFO">Fills the text '1000' in the given field.</msg>
<status status="PASS" starttime="20240103 22:41:12.706" endtime="20240103 22:41:12.733"/>
</kw>
<kw name="Fill Text" library="Browser">
<arg>css=input[name=addressDetails]</arg>
<arg>${dog_walker}[details]</arg>
<tag>PageContent</tag>
<tag>Setter</tag>
<doc>Clears and fills the given ``txt`` into the text field found by ``selector``.</doc>
<msg timestamp="20240103 22:41:12.733" level="INFO">Fills the text 'apto 100' in the given field.</msg>
<status status="PASS" starttime="20240103 22:41:12.733" endtime="20240103 22:41:12.761"/>
</kw>
<kw name="Click" library="Browser">
<arg>xpath=//span[text()="${dog_walker}[aditional_service]"]/..</arg>
<tag>PageContent</tag>
<tag>Setter</tag>
<doc>Simulates mouse click on the element found by ``selector``.</doc>
<msg timestamp="20240103 22:41:12.762" level="FAIL">Dictionary '${dog_walker}' has no key 'aditional_service'.</msg>
<status status="FAIL" starttime="20240103 22:41:12.762" endtime="20240103 22:41:12.762"/>
</kw>
<kw name="Upload File By Selector" library="Browser">
<arg>input[type=file]</arg>
<arg>${execdir}/resources/fixtures/${dog_walker}[cnh]</arg>
<tag>PageContent</tag>
<tag>Setter</tag>
<doc>Uploads file from `path` to file input element matched by selector.</doc>
<status status="NOT RUN" starttime="20240103 22:41:12.762" endtime="20240103 22:41:12.763"/>
</kw>
<status status="FAIL" starttime="20240103 22:41:11.723" endtime="20240103 22:41:12.763"/>
</kw>
<kw name="Submit signup form" library="signup">
<status status="NOT RUN" starttime="20240103 22:41:12.763" endtime="20240103 22:41:12.763"/>
</kw>
<kw name="Popup should be" library="signup">
<arg>expected_text=Recebemos o seu cadastro e em breve retornaremos o contato.</arg>
<status status="NOT RUN" starttime="20240103 22:41:12.764" endtime="20240103 22:41:12.764"/>
</kw>
<kw name="Finish session" library="base" type="TEARDOWN">
<kw name="Take Screenshot" library="Browser">
<arg>fullPage=True</arg>
<tag>PageContent</tag>
<doc>Takes a screenshot of the current window or element and saves it to disk.</doc>
<msg timestamp="20240103 22:41:13.068" level="INFO" html="true">&lt;/td&gt;&lt;/tr&gt;&lt;tr&gt;&lt;td colspan="3"&gt;&lt;a href="browser/screenshot/robotframework-browser-screenshot-1.png" target="_blank"&gt;&lt;img src="browser/screenshot/robotframework-browser-screenshot-1.png" width="800px"/&gt;&lt;/a&gt;</msg>
<status status="PASS" starttime="20240103 22:41:12.765" endtime="20240103 22:41:13.068"/>
</kw>
<status status="PASS" starttime="20240103 22:41:12.764" endtime="20240103 22:41:13.068"/>
</kw>
<tag>smoke</tag>
<status status="FAIL" starttime="20240103 22:41:09.597" endtime="20240103 22:41:13.069">Dictionary '${dog_walker}' has no key 'aditional_service'.</status>
</test>
<doc>suite de testes de cadastro</doc>
<status status="FAIL" starttime="20240103 22:41:07.750" endtime="20240103 22:41:13.193"/>
</suite>
<statistics>
<total>
<stat pass="0" fail="1" skip="0">All Tests</stat>
</total>
<tag>
<stat pass="0" fail="1" skip="0">smoke</stat>
</tag>
<suite>
<stat pass="0" fail="1" skip="0" id="s1" name="Signup">Signup</stat>
</suite>
</statistics>
<errors>
</errors>
</robot>
